<?xml version="1.0" encoding="UTF-8"?>
<!-- Generated by org.testng.reporters.JUnitXMLReporter -->
<testsuite ignored="0" hostname="DESKTOP-0CJ158F" failures="0" tests="1" name="Test" time="0.057" errors="0" timestamp="2024-11-27T17:52:38 IST">
  <testcase classname="testBase.BaseClass" name="@BeforeClass setup" time="-1.732710157947E9">
    <failure type="org.testng.TestNGException" message="
Parameter &amp;apos;os&amp;apos; is required by BeforeClass on method setup but has not been marked @Optional or defined
in C:\Users\sriva\eclipse-workspace\OpenCart_V1\testng.xml">
      <![CDATA[org.testng.TestNGException: 
Parameter 'os' is required by BeforeClass on method setup but has not been marked @Optional or defined
in C:\Users\sriva\eclipse-workspace\OpenCart_V1\testng.xml
at java.base/java.util.ArrayList.forEach(ArrayList.java:1597)
... Removed 22 stack frames]]>
    </failure>
  </testcase> <!-- @BeforeClass setup -->
  <testcase classname="testBase.BaseClass" name="@AfterClass teardown" time="-1.732710157979E9">
    <skipped/>
  </testcase> <!-- @AfterClass teardown -->
  <testcase classname="testCases.Registration_Test" name="Regis_test" time="0.0">
    <skipped/>
  </testcase> <!-- Regis_test -->
</testsuite> <!-- Test -->
